#! /usr/bin/vvp
:ivl_version "11.0 (stable)";
:ivl_delay_selection "TYPICAL";
:vpi_time_precision + 0;
:vpi_module "/usr/lib/x86_64-linux-gnu/ivl/system.vpi";
:vpi_module "/usr/lib/x86_64-linux-gnu/ivl/vhdl_sys.vpi";
:vpi_module "/usr/lib/x86_64-linux-gnu/ivl/vhdl_textio.vpi";
:vpi_module "/usr/lib/x86_64-linux-gnu/ivl/v2005_math.vpi";
:vpi_module "/usr/lib/x86_64-linux-gnu/ivl/va_math.vpi";
S_0x5c7f93a57800 .scope module, "tb" "tb" 2 1;
 .timescale 0 0;
v0x5c7f93a6c950_0 .var "A", 0 0;
v0x5c7f93a6ca10_0 .var "B", 0 0;
v0x5c7f93a6cae0_0 .var "Cin", 0 0;
v0x5c7f93a6cbe0_0 .net "Cout", 0 0, L_0x5c7f93a6d420;  1 drivers
v0x5c7f93a6ccb0_0 .net "S", 0 0, L_0x5c7f93a6ce90;  1 drivers
S_0x5c7f93a57990 .scope module, "a1" "adder" 2 5, 3 1 0, S_0x5c7f93a57800;
 .timescale 0 0;
    .port_info 0 /INPUT 1 "A";
    .port_info 1 /INPUT 1 "B";
    .port_info 2 /INPUT 1 "Cin";
    .port_info 3 /OUTPUT 1 "S";
    .port_info 4 /OUTPUT 1 "Cout";
L_0x5c7f93a6cd50 .functor XOR 1, v0x5c7f93a6c950_0, v0x5c7f93a6ca10_0, C4<0>, C4<0>;
L_0x5c7f93a6ce90 .functor XOR 1, L_0x5c7f93a6cd50, v0x5c7f93a6cae0_0, C4<0>, C4<0>;
L_0x5c7f93a6cff0 .functor AND 1, v0x5c7f93a6c950_0, v0x5c7f93a6ca10_0, C4<1>, C4<1>;
L_0x5c7f93a6d060 .functor AND 1, v0x5c7f93a6ca10_0, v0x5c7f93a6cae0_0, C4<1>, C4<1>;
L_0x5c7f93a6d190 .functor OR 1, L_0x5c7f93a6cff0, L_0x5c7f93a6d060, C4<0>, C4<0>;
L_0x5c7f93a6d250 .functor AND 1, v0x5c7f93a6c950_0, v0x5c7f93a6cae0_0, C4<1>, C4<1>;
L_0x5c7f93a6d420 .functor OR 1, L_0x5c7f93a6d190, L_0x5c7f93a6d250, C4<0>, C4<0>;
v0x5c7f93a57b70_0 .net "A", 0 0, v0x5c7f93a6c950_0;  1 drivers
v0x5c7f93a6c120_0 .net "B", 0 0, v0x5c7f93a6ca10_0;  1 drivers
v0x5c7f93a6c1e0_0 .net "Cin", 0 0, v0x5c7f93a6cae0_0;  1 drivers
v0x5c7f93a6c280_0 .net "Cout", 0 0, L_0x5c7f93a6d420;  alias, 1 drivers
v0x5c7f93a6c340_0 .net "S", 0 0, L_0x5c7f93a6ce90;  alias, 1 drivers
v0x5c7f93a6c450_0 .net *"_ivl_0", 0 0, L_0x5c7f93a6cd50;  1 drivers
v0x5c7f93a6c530_0 .net *"_ivl_10", 0 0, L_0x5c7f93a6d250;  1 drivers
v0x5c7f93a6c610_0 .net *"_ivl_4", 0 0, L_0x5c7f93a6cff0;  1 drivers
v0x5c7f93a6c6f0_0 .net *"_ivl_6", 0 0, L_0x5c7f93a6d060;  1 drivers
v0x5c7f93a6c7d0_0 .net *"_ivl_8", 0 0, L_0x5c7f93a6d190;  1 drivers
    .scope S_0x5c7f93a57800;
T_0 ;
    %pushi/vec4 0, 0, 1;
    %store/vec4 v0x5c7f93a6c950_0, 0, 1;
    %pushi/vec4 0, 0, 1;
    %store/vec4 v0x5c7f93a6ca10_0, 0, 1;
    %pushi/vec4 0, 0, 1;
    %store/vec4 v0x5c7f93a6cae0_0, 0, 1;
    %delay 5, 0;
    %pushi/vec4 0, 0, 1;
    %store/vec4 v0x5c7f93a6c950_0, 0, 1;
    %pushi/vec4 0, 0, 1;
    %store/vec4 v0x5c7f93a6ca10_0, 0, 1;
    %pushi/vec4 1, 0, 1;
    %store/vec4 v0x5c7f93a6cae0_0, 0, 1;
    %delay 5, 0;
    %pushi/vec4 0, 0, 1;
    %store/vec4 v0x5c7f93a6c950_0, 0, 1;
    %pushi/vec4 1, 0, 1;
    %store/vec4 v0x5c7f93a6ca10_0, 0, 1;
    %pushi/vec4 0, 0, 1;
    %store/vec4 v0x5c7f93a6cae0_0, 0, 1;
    %delay 5, 0;
    %pushi/vec4 0, 0, 1;
    %store/vec4 v0x5c7f93a6c950_0, 0, 1;
    %pushi/vec4 1, 0, 1;
    %store/vec4 v0x5c7f93a6ca10_0, 0, 1;
    %pushi/vec4 1, 0, 1;
    %store/vec4 v0x5c7f93a6cae0_0, 0, 1;
    %delay 5, 0;
    %pushi/vec4 1, 0, 1;
    %store/vec4 v0x5c7f93a6c950_0, 0, 1;
    %pushi/vec4 1, 0, 1;
    %store/vec4 v0x5c7f93a6ca10_0, 0, 1;
    %pushi/vec4 1, 0, 1;
    %store/vec4 v0x5c7f93a6cae0_0, 0, 1;
    %delay 5, 0;
    %vpi_call 2 13 "$finish" {0 0 0};
    %end;
    .thread T_0;
    .scope S_0x5c7f93a57800;
T_1 ;
    %vpi_call 2 18 "$dumpfile", "Wave.vcd" {0 0 0};
    %vpi_call 2 19 "$dumpvars", 32'sb00000000000000000000000000000000, S_0x5c7f93a57800 {0 0 0};
    %end;
    .thread T_1;
# The file index is used to find the file name in the following table.
:file_names 4;
    "N/A";
    "<interactive>";
    "adder_tb.v";
    "adder.v";
